Build started 25.10.2014 18:03:55.
     1>Project "E:\Учёба\Олимп прог\251014\Ханойские башни наносят ответный удар\Ханойские башни наносят ответный удар\Ханойские башни наносят ответный удар.vcxproj" on node 2 (build target(s)).
     1>InitializeBuildStatus:
         Creating "Debug\Ханойские башни наносят ответный удар.unsuccessfulbuild" because "AlwaysCreate" was specified.
       ClCompile:
         All outputs are up-to-date.
         C:\Games\Microsoft Visual Studio 10.0\VC\bin\CL.exe /c /ZI /nologo /W3 /WX- /Od /Oy- /D WIN32 /D _DEBUG /D _CONSOLE /D _UNICODE /D UNICODE /Gm /EHsc /RTC1 /MDd /GS /fp:precise /Zc:wchar_t /Zc:forScope /Yu"StdAfx.h" /Fp"Debug\Ханойские башни наносят ответный удар.pch" /Fo"Debug\\" /Fd"Debug\vc100.pdb" /Gd /TP /analyze- /errorReport:prompt "Ханойские башни наносят ответный удар.cpp"
         Ханойские башни наносят ответный удар.cpp
     1>e:\учёба\олимп прог\251014\ханойские башни наносят ответный удар\ханойские башни наносят ответный удар\ханойские башни наносят ответный удар.cpp(46): warning C4018: '<=' : signed/unsigned mismatch
     1>e:\учёба\олимп прог\251014\ханойские башни наносят ответный удар\ханойские башни наносят ответный удар\ханойские башни наносят ответный удар.cpp(178): warning C4996: 'scanf': This function or variable may be unsafe. Consider using scanf_s instead. To disable deprecation, use _CRT_SECURE_NO_WARNINGS. See online help for details.
                 c:\games\microsoft visual studio 10.0\vc\include\stdio.h(304) : see declaration of 'scanf'
     1>e:\учёба\олимп прог\251014\ханойские башни наносят ответный удар\ханойские башни наносят ответный удар\ханойские башни наносят ответный удар.cpp(181): warning C4996: 'scanf': This function or variable may be unsafe. Consider using scanf_s instead. To disable deprecation, use _CRT_SECURE_NO_WARNINGS. See online help for details.
                 c:\games\microsoft visual studio 10.0\vc\include\stdio.h(304) : see declaration of 'scanf'
     1>e:\учёба\олимп прог\251014\ханойские башни наносят ответный удар\ханойские башни наносят ответный удар\ханойские башни наносят ответный удар.cpp(177): warning C4101: 'disks' : unreferenced local variable
       ManifestResourceCompile:
         All outputs are up-to-date.
       Link:
         C:\Games\Microsoft Visual Studio 10.0\VC\bin\link.exe /ERRORREPORT:PROMPT /OUT:"E:\Учёба\Олимп прог\251014\Ханойские башни наносят ответный удар\Debug\Ханойские башни наносят ответный удар.exe" /INCREMENTAL /NOLOGO kernel32.lib user32.lib gdi32.lib winspool.lib comdlg32.lib advapi32.lib shell32.lib ole32.lib oleaut32.lib uuid.lib odbc32.lib odbccp32.lib /MANIFEST /ManifestFile:"Debug\Ханойские башни наносят ответный удар.exe.intermediate.manifest" /MANIFESTUAC:"level='asInvoker' uiAccess='false'" /DEBUG /PDB:"E:\Учёба\Олимп прог\251014\Ханойские башни наносят ответный удар\Debug\Ханойские башни наносят ответный удар.pdb" /SUBSYSTEM:CONSOLE /TLBID:1 /DYNAMICBASE /NXCOMPAT /IMPLIB:"E:\Учёба\Олимп прог\251014\Ханойские башни наносят ответный удар\Debug\Ханойские башни наносят ответный удар.lib" /MACHINE:X86 "Debug\Ханойские башни наносят ответный удар.exe.embed.manifest.res"
         Debug\stdafx.obj
         "Debug\Ханойские башни наносят ответный удар.obj"
       Manifest:
         C:\Program Files (x86)\Microsoft SDKs\Windows\v7.0A\bin\mt.exe /nologo /verbose /out:"Debug\Ханойские башни наносят ответный удар.exe.embed.manifest" /manifest "Debug\Ханойские башни наносят ответный удар.exe.intermediate.manifest"
         All outputs are up-to-date.
       LinkEmbedManifest:
         All outputs are up-to-date.
         Ханойские башни наносят ответный удар.vcxproj -> E:\Учёба\Олимп прог\251014\Ханойские башни наносят ответный удар\Debug\Ханойские башни наносят ответный удар.exe
       FinalizeBuildStatus:
         Deleting file "Debug\Ханойские башни наносят ответный удар.unsuccessfulbuild".
         Touching "Debug\Ханойские башни наносят ответный удар.lastbuildstate".
     1>Done Building Project "E:\Учёба\Олимп прог\251014\Ханойские башни наносят ответный удар\Ханойские башни наносят ответный удар\Ханойские башни наносят ответный удар.vcxproj" (build target(s)).

Build succeeded.

Time Elapsed 00:00:00.67
