Build started 25.10.2014 13:56:53.
     1>Project "E:\Учёба\Олимп прог\251014\Очередной пробный тур\Очередной пробный тур\Очередной пробный тур.vcxproj" on node 2 (build target(s)).
     1>InitializeBuildStatus:
         Creating "Debug\Очередной пробный тур.unsuccessfulbuild" because "AlwaysCreate" was specified.
       ClCompile:
         All outputs are up-to-date.
         C:\Games\Microsoft Visual Studio 10.0\VC\bin\CL.exe /c /ZI /nologo /W3 /WX- /Od /Oy- /D WIN32 /D _DEBUG /D _CONSOLE /D _UNICODE /D UNICODE /Gm /EHsc /RTC1 /MDd /GS /fp:precise /Zc:wchar_t /Zc:forScope /Yu"StdAfx.h" /Fp"Debug\Очередной пробный тур.pch" /Fo"Debug\\" /Fd"Debug\vc100.pdb" /Gd /TP /analyze- /errorReport:prompt "Очередной пробный тур.cpp"
         Очередной пробный тур.cpp
     1>e:\учёба\олимп прог\251014\очередной пробный тур\очередной пробный тур\очередной пробный тур.cpp(11): warning C4996: 'scanf': This function or variable may be unsafe. Consider using scanf_s instead. To disable deprecation, use _CRT_SECURE_NO_WARNINGS. See online help for details.
                 c:\games\microsoft visual studio 10.0\vc\include\stdio.h(304) : see declaration of 'scanf'
       ManifestResourceCompile:
         All outputs are up-to-date.
       Link:
         C:\Games\Microsoft Visual Studio 10.0\VC\bin\link.exe /ERRORREPORT:PROMPT /OUT:"E:\Учёба\Олимп прог\251014\Очередной пробный тур\Debug\Очередной пробный тур.exe" /INCREMENTAL /NOLOGO kernel32.lib user32.lib gdi32.lib winspool.lib comdlg32.lib advapi32.lib shell32.lib ole32.lib oleaut32.lib uuid.lib odbc32.lib odbccp32.lib /MANIFEST /ManifestFile:"Debug\Очередной пробный тур.exe.intermediate.manifest" /MANIFESTUAC:"level='asInvoker' uiAccess='false'" /DEBUG /PDB:"E:\Учёба\Олимп прог\251014\Очередной пробный тур\Debug\Очередной пробный тур.pdb" /SUBSYSTEM:CONSOLE /TLBID:1 /DYNAMICBASE /NXCOMPAT /IMPLIB:"E:\Учёба\Олимп прог\251014\Очередной пробный тур\Debug\Очередной пробный тур.lib" /MACHINE:X86 "Debug\Очередной пробный тур.exe.embed.manifest.res"
         Debug\stdafx.obj
         "Debug\Очередной пробный тур.obj"
       Manifest:
         C:\Program Files (x86)\Microsoft SDKs\Windows\v7.0A\bin\mt.exe /nologo /verbose /out:"Debug\Очередной пробный тур.exe.embed.manifest" /manifest "Debug\Очередной пробный тур.exe.intermediate.manifest"
         All outputs are up-to-date.
       LinkEmbedManifest:
         All outputs are up-to-date.
         Очередной пробный тур.vcxproj -> E:\Учёба\Олимп прог\251014\Очередной пробный тур\Debug\Очередной пробный тур.exe
       FinalizeBuildStatus:
         Deleting file "Debug\Очередной пробный тур.unsuccessfulbuild".
         Touching "Debug\Очередной пробный тур.lastbuildstate".
     1>Done Building Project "E:\Учёба\Олимп прог\251014\Очередной пробный тур\Очередной пробный тур\Очередной пробный тур.vcxproj" (build target(s)).

Build succeeded.

Time Elapsed 00:00:00.33
