Build started 04.10.2015 19:13:45.
     1>Project "E:\Учёба\Олимп прог\TimusProbs\A380\A380\A380.vcxproj" on node 2 (build target(s)).
     1>InitializeBuildStatus:
         Creating "Debug\A380.unsuccessfulbuild" because "AlwaysCreate" was specified.
       ClCompile:
         All outputs are up-to-date.
         C:\Games\Microsoft Visual Studio 10.0\VC\bin\CL.exe /c /ZI /nologo /W3 /WX- /Od /Oy- /D WIN32 /D _DEBUG /D _CONSOLE /D _UNICODE /D UNICODE /Gm /EHsc /RTC1 /MDd /GS /fp:precise /Zc:wchar_t /Zc:forScope /Yu"StdAfx.h" /Fp"Debug\A380.pch" /Fo"Debug\\" /Fd"Debug\vc100.pdb" /Gd /TP /analyze- /errorReport:prompt A380.cpp
         A380.cpp
       ManifestResourceCompile:
         All outputs are up-to-date.
       Link:
         C:\Games\Microsoft Visual Studio 10.0\VC\bin\link.exe /ERRORREPORT:PROMPT /OUT:"E:\Учёба\Олимп прог\TimusProbs\A380\Debug\A380.exe" /INCREMENTAL /NOLOGO kernel32.lib user32.lib gdi32.lib winspool.lib comdlg32.lib advapi32.lib shell32.lib ole32.lib oleaut32.lib uuid.lib odbc32.lib odbccp32.lib /MANIFEST /ManifestFile:"Debug\A380.exe.intermediate.manifest" /MANIFESTUAC:"level='asInvoker' uiAccess='false'" /DEBUG /PDB:"E:\Учёба\Олимп прог\TimusProbs\A380\Debug\A380.pdb" /SUBSYSTEM:CONSOLE /TLBID:1 /DYNAMICBASE /NXCOMPAT /IMPLIB:"E:\Учёба\Олимп прог\TimusProbs\A380\Debug\A380.lib" /MACHINE:X86 Debug\A380.exe.embed.manifest.res
         Debug\A380.obj
         Debug\stdafx.obj
       Manifest:
         C:\Program Files (x86)\Microsoft SDKs\Windows\v7.0A\bin\mt.exe /nologo /verbose /out:"Debug\A380.exe.embed.manifest" /manifest Debug\A380.exe.intermediate.manifest
         All outputs are up-to-date.
       LinkEmbedManifest:
         All outputs are up-to-date.
         A380.vcxproj -> E:\Учёба\Олимп прог\TimusProbs\A380\Debug\A380.exe
       FinalizeBuildStatus:
         Deleting file "Debug\A380.unsuccessfulbuild".
         Touching "Debug\A380.lastbuildstate".
     1>Done Building Project "E:\Учёба\Олимп прог\TimusProbs\A380\A380\A380.vcxproj" (build target(s)).

Build succeeded.

Time Elapsed 00:00:00.72
