Build started 04.10.2015 18:25:32.
     1>Project "E:\Учёба\Олимп прог\TimusProbs\1991 Битва у болота\1991 Битва у болота\1991 Битва у болота.vcxproj" on node 2 (build target(s)).
     1>InitializeBuildStatus:
         Creating "Debug\1991 Битва у болота.unsuccessfulbuild" because "AlwaysCreate" was specified.
       ClCompile:
         All outputs are up-to-date.
         C:\Games\Microsoft Visual Studio 10.0\VC\bin\CL.exe /c /ZI /nologo /W3 /WX- /Od /Oy- /D WIN32 /D _DEBUG /D _CONSOLE /D _UNICODE /D UNICODE /Gm /EHsc /RTC1 /MDd /GS /fp:precise /Zc:wchar_t /Zc:forScope /Yu"StdAfx.h" /Fp"Debug\1991 Битва у болота.pch" /Fo"Debug\\" /Fd"Debug\vc100.pdb" /Gd /TP /analyze- /errorReport:prompt "1991 Битва у болота.cpp"
         1991 Битва у болота.cpp
     1>e:\учёба\олимп прог\timusprobs\1991 битва у болота\1991 битва у болота\1991 битва у болота.cpp(11): warning C4996: 'freopen': This function or variable may be unsafe. Consider using freopen_s instead. To disable deprecation, use _CRT_SECURE_NO_WARNINGS. See online help for details.
                 c:\games\microsoft visual studio 10.0\vc\include\stdio.h(249) : see declaration of 'freopen'
     1>e:\учёба\олимп прог\timusprobs\1991 битва у болота\1991 битва у болота\1991 битва у болота.cpp(12): warning C4996: 'freopen': This function or variable may be unsafe. Consider using freopen_s instead. To disable deprecation, use _CRT_SECURE_NO_WARNINGS. See online help for details.
                 c:\games\microsoft visual studio 10.0\vc\include\stdio.h(249) : see declaration of 'freopen'
       ManifestResourceCompile:
         All outputs are up-to-date.
       Link:
         C:\Games\Microsoft Visual Studio 10.0\VC\bin\link.exe /ERRORREPORT:PROMPT /OUT:"E:\Учёба\Олимп прог\TimusProbs\1991 Битва у болота\Debug\1991 Битва у болота.exe" /INCREMENTAL /NOLOGO kernel32.lib user32.lib gdi32.lib winspool.lib comdlg32.lib advapi32.lib shell32.lib ole32.lib oleaut32.lib uuid.lib odbc32.lib odbccp32.lib /MANIFEST /ManifestFile:"Debug\1991 Битва у болота.exe.intermediate.manifest" /MANIFESTUAC:"level='asInvoker' uiAccess='false'" /DEBUG /PDB:"E:\Учёба\Олимп прог\TimusProbs\1991 Битва у болота\Debug\1991 Битва у болота.pdb" /SUBSYSTEM:CONSOLE /TLBID:1 /DYNAMICBASE /NXCOMPAT /IMPLIB:"E:\Учёба\Олимп прог\TimusProbs\1991 Битва у болота\Debug\1991 Битва у болота.lib" /MACHINE:X86 "Debug\1991 Битва у болота.exe.embed.manifest.res"
         "Debug\1991 Битва у болота.obj"
         Debug\stdafx.obj
       Manifest:
         C:\Program Files (x86)\Microsoft SDKs\Windows\v7.0A\bin\mt.exe /nologo /verbose /out:"Debug\1991 Битва у болота.exe.embed.manifest" /manifest "Debug\1991 Битва у болота.exe.intermediate.manifest"
         All outputs are up-to-date.
       LinkEmbedManifest:
         All outputs are up-to-date.
         1991 Битва у болота.vcxproj -> E:\Учёба\Олимп прог\TimusProbs\1991 Битва у болота\Debug\1991 Битва у болота.exe
       FinalizeBuildStatus:
         Deleting file "Debug\1991 Битва у болота.unsuccessfulbuild".
         Touching "Debug\1991 Битва у болота.lastbuildstate".
     1>Done Building Project "E:\Учёба\Олимп прог\TimusProbs\1991 Битва у болота\1991 Битва у болота\1991 Битва у болота.vcxproj" (build target(s)).

Build succeeded.

Time Elapsed 00:00:00.57
