Build started 05.10.2014 18:07:13.
     1>Project "E:\Учёба\Олимп прог\Аэропорт\Аэропорт\Аэропорт.vcxproj" on node 2 (build target(s)).
     1>InitializeBuildStatus:
         Creating "Debug\Аэропорт.unsuccessfulbuild" because "AlwaysCreate" was specified.
       ClCompile:
         All outputs are up-to-date.
         C:\Games\Microsoft Visual Studio 10.0\VC\bin\CL.exe /c /ZI /nologo /W3 /WX- /Od /Oy- /D WIN32 /D _DEBUG /D _CONSOLE /D _UNICODE /D UNICODE /Gm /EHsc /RTC1 /MDd /GS /fp:precise /Zc:wchar_t /Zc:forScope /Yu"StdAfx.h" /Fp"Debug\Аэропорт.pch" /Fo"Debug\\" /Fd"Debug\vc100.pdb" /Gd /TP /analyze- /errorReport:prompt "Аэропорт.cpp"
         Аэропорт.cpp
     1>e:\учёба\олимп прог\аэропорт\аэропорт\аэропорт.cpp(11): warning C4101: 'b' : unreferenced local variable
     1>e:\учёба\олимп прог\аэропорт\аэропорт\аэропорт.cpp(11): warning C4101: 'd' : unreferenced local variable
     1>e:\учёба\олимп прог\аэропорт\аэропорт\аэропорт.cpp(11): warning C4101: 'c' : unreferenced local variable
       ManifestResourceCompile:
         All outputs are up-to-date.
       Link:
         C:\Games\Microsoft Visual Studio 10.0\VC\bin\link.exe /ERRORREPORT:PROMPT /OUT:"E:\Учёба\Олимп прог\Аэропорт\Debug\Аэропорт.exe" /INCREMENTAL /NOLOGO kernel32.lib user32.lib gdi32.lib winspool.lib comdlg32.lib advapi32.lib shell32.lib ole32.lib oleaut32.lib uuid.lib odbc32.lib odbccp32.lib /MANIFEST /ManifestFile:"Debug\Аэропорт.exe.intermediate.manifest" /MANIFESTUAC:"level='asInvoker' uiAccess='false'" /DEBUG /PDB:"E:\Учёба\Олимп прог\Аэропорт\Debug\Аэропорт.pdb" /SUBSYSTEM:CONSOLE /TLBID:1 /DYNAMICBASE /NXCOMPAT /IMPLIB:"E:\Учёба\Олимп прог\Аэропорт\Debug\Аэропорт.lib" /MACHINE:X86 "Debug\Аэропорт.exe.embed.manifest.res"
         Debug\stdafx.obj
         "Debug\Аэропорт.obj"
       Manifest:
         C:\Program Files (x86)\Microsoft SDKs\Windows\v7.0A\bin\mt.exe /nologo /verbose /out:"Debug\Аэропорт.exe.embed.manifest" /manifest "Debug\Аэропорт.exe.intermediate.manifest"
         All outputs are up-to-date.
       LinkEmbedManifest:
         All outputs are up-to-date.
         Аэропорт.vcxproj -> E:\Учёба\Олимп прог\Аэропорт\Debug\Аэропорт.exe
       FinalizeBuildStatus:
         Deleting file "Debug\Аэропорт.unsuccessfulbuild".
         Touching "Debug\Аэропорт.lastbuildstate".
     1>Done Building Project "E:\Учёба\Олимп прог\Аэропорт\Аэропорт\Аэропорт.vcxproj" (build target(s)).

Build succeeded.

Time Elapsed 00:00:00.43
