Build started 09.11.2014 13:07:26.
     1>Project "E:\Учёба\Олимп прог\Recu Stack\Recu Stack\Recu Stack.vcxproj" on node 2 (build target(s)).
     1>InitializeBuildStatus:
         Touching "Debug\Recu Stack.unsuccessfulbuild".
       ClCompile:
         All outputs are up-to-date.
         C:\Games\Microsoft Visual Studio 10.0\VC\bin\CL.exe /c /ZI /nologo /W3 /WX- /Od /Oy- /D WIN32 /D _DEBUG /D _CONSOLE /D _UNICODE /D UNICODE /Gm /EHsc /RTC1 /MDd /GS /fp:precise /Zc:wchar_t /Zc:forScope /Yu"StdAfx.h" /Fp"Debug\Recu Stack.pch" /Fo"Debug\\" /Fd"Debug\vc100.pdb" /Gd /TP /analyze- /errorReport:prompt "Recu Stack.cpp"
         Recu Stack.cpp
     1>e:\учёба\олимп прог\recu stack\recu stack\recu stack.cpp(22): warning C4996: 'freopen': This function or variable may be unsafe. Consider using freopen_s instead. To disable deprecation, use _CRT_SECURE_NO_WARNINGS. See online help for details.
                 c:\games\microsoft visual studio 10.0\vc\include\stdio.h(249) : see declaration of 'freopen'
       ManifestResourceCompile:
         All outputs are up-to-date.
       Link:
         C:\Games\Microsoft Visual Studio 10.0\VC\bin\link.exe /ERRORREPORT:PROMPT /OUT:"E:\Учёба\Олимп прог\Recu Stack\Debug\Recu Stack.exe" /INCREMENTAL /NOLOGO kernel32.lib user32.lib gdi32.lib winspool.lib comdlg32.lib advapi32.lib shell32.lib ole32.lib oleaut32.lib uuid.lib odbc32.lib odbccp32.lib /MANIFEST /ManifestFile:"Debug\Recu Stack.exe.intermediate.manifest" /MANIFESTUAC:"level='asInvoker' uiAccess='false'" /DEBUG /PDB:"E:\Учёба\Олимп прог\Recu Stack\Debug\Recu Stack.pdb" /SUBSYSTEM:CONSOLE /TLBID:1 /DYNAMICBASE /NXCOMPAT /IMPLIB:"E:\Учёба\Олимп прог\Recu Stack\Debug\Recu Stack.lib" /MACHINE:X86 "Debug\Recu Stack.exe.embed.manifest.res"
         "Debug\Recu Stack.obj"
         Debug\stdafx.obj
       Manifest:
         C:\Program Files (x86)\Microsoft SDKs\Windows\v7.0A\bin\mt.exe /nologo /verbose /out:"Debug\Recu Stack.exe.embed.manifest" /manifest "Debug\Recu Stack.exe.intermediate.manifest"
         All outputs are up-to-date.
       LinkEmbedManifest:
         All outputs are up-to-date.
         Recu Stack.vcxproj -> E:\Учёба\Олимп прог\Recu Stack\Debug\Recu Stack.exe
       FinalizeBuildStatus:
         Deleting file "Debug\Recu Stack.unsuccessfulbuild".
         Touching "Debug\Recu Stack.lastbuildstate".
     1>Done Building Project "E:\Учёба\Олимп прог\Recu Stack\Recu Stack\Recu Stack.vcxproj" (build target(s)).

Build succeeded.

Time Elapsed 00:00:00.87
