Build started 11.10.2014 20:02:44.
     1>Project "E:\Учёба\Олимп прог\Гиперпереход\Гиперпереход\Гиперпереход.vcxproj" on node 2 (build target(s)).
     1>InitializeBuildStatus:
         Creating "Debug\Гиперпереход.unsuccessfulbuild" because "AlwaysCreate" was specified.
       ClCompile:
         All outputs are up-to-date.
         C:\Games\Microsoft Visual Studio 10.0\VC\bin\CL.exe /c /ZI /nologo /W3 /WX- /Od /Oy- /D WIN32 /D _DEBUG /D _CONSOLE /D _UNICODE /D UNICODE /Gm /EHsc /RTC1 /MDd /GS /fp:precise /Zc:wchar_t /Zc:forScope /Yu"StdAfx.h" /Fp"Debug\Гиперпереход.pch" /Fo"Debug\\" /Fd"Debug\vc100.pdb" /Gd /TP /analyze- /errorReport:prompt "Гиперпереход.cpp"
         Гиперпереход.cpp
     1>e:\учёба\олимп прог\гиперпереход\гиперпереход\гиперпереход.cpp(10): warning C4996: 'freopen': This function or variable may be unsafe. Consider using freopen_s instead. To disable deprecation, use _CRT_SECURE_NO_WARNINGS. See online help for details.
                 c:\games\microsoft visual studio 10.0\vc\include\stdio.h(249) : see declaration of 'freopen'
     1>e:\учёба\олимп прог\гиперпереход\гиперпереход\гиперпереход.cpp(13): warning C4996: 'scanf': This function or variable may be unsafe. Consider using scanf_s instead. To disable deprecation, use _CRT_SECURE_NO_WARNINGS. See online help for details.
                 c:\games\microsoft visual studio 10.0\vc\include\stdio.h(304) : see declaration of 'scanf'
     1>e:\учёба\олимп прог\гиперпереход\гиперпереход\гиперпереход.cpp(17): warning C4996: 'scanf': This function or variable may be unsafe. Consider using scanf_s instead. To disable deprecation, use _CRT_SECURE_NO_WARNINGS. See online help for details.
                 c:\games\microsoft visual studio 10.0\vc\include\stdio.h(304) : see declaration of 'scanf'
     1>e:\учёба\олимп прог\гиперпереход\гиперпереход\гиперпереход.cpp(21): warning C4996: 'scanf': This function or variable may be unsafe. Consider using scanf_s instead. To disable deprecation, use _CRT_SECURE_NO_WARNINGS. See online help for details.
                 c:\games\microsoft visual studio 10.0\vc\include\stdio.h(304) : see declaration of 'scanf'
     1>e:\учёба\олимп прог\гиперпереход\гиперпереход\гиперпереход.cpp(12): warning C4101: 'intensities' : unreferenced local variable
       ManifestResourceCompile:
         All outputs are up-to-date.
       Link:
         C:\Games\Microsoft Visual Studio 10.0\VC\bin\link.exe /ERRORREPORT:PROMPT /OUT:"E:\Учёба\Олимп прог\Гиперпереход\Debug\Гиперпереход.exe" /INCREMENTAL /NOLOGO kernel32.lib user32.lib gdi32.lib winspool.lib comdlg32.lib advapi32.lib shell32.lib ole32.lib oleaut32.lib uuid.lib odbc32.lib odbccp32.lib /MANIFEST /ManifestFile:"Debug\Гиперпереход.exe.intermediate.manifest" /MANIFESTUAC:"level='asInvoker' uiAccess='false'" /DEBUG /PDB:"E:\Учёба\Олимп прог\Гиперпереход\Debug\Гиперпереход.pdb" /SUBSYSTEM:CONSOLE /TLBID:1 /DYNAMICBASE /NXCOMPAT /IMPLIB:"E:\Учёба\Олимп прог\Гиперпереход\Debug\Гиперпереход.lib" /MACHINE:X86 "Debug\Гиперпереход.exe.embed.manifest.res"
         Debug\stdafx.obj
         "Debug\Гиперпереход.obj"
       Manifest:
         C:\Program Files (x86)\Microsoft SDKs\Windows\v7.0A\bin\mt.exe /nologo /verbose /out:"Debug\Гиперпереход.exe.embed.manifest" /manifest "Debug\Гиперпереход.exe.intermediate.manifest"
         All outputs are up-to-date.
       LinkEmbedManifest:
         All outputs are up-to-date.
         Гиперпереход.vcxproj -> E:\Учёба\Олимп прог\Гиперпереход\Debug\Гиперпереход.exe
       FinalizeBuildStatus:
         Deleting file "Debug\Гиперпереход.unsuccessfulbuild".
         Touching "Debug\Гиперпереход.lastbuildstate".
     1>Done Building Project "E:\Учёба\Олимп прог\Гиперпереход\Гиперпереход\Гиперпереход.vcxproj" (build target(s)).

Build succeeded.

Time Elapsed 00:00:00.24
