Build started 04.10.2015 16:39:23.
     1>Project "E:\Учёба\Олимп прог\TimusProbs\1910 Руины титанов сокрытый вход\1910 Руины титанов сокрытый вход\1910 Руины титанов сокрытый вход.vcxproj" on node 2 (build target(s)).
     1>InitializeBuildStatus:
         Creating "Debug\1910 Руины титанов сокрытый вход.unsuccessfulbuild" because "AlwaysCreate" was specified.
       GenerateTargetFrameworkMonikerAttribute:
       Skipping target "GenerateTargetFrameworkMonikerAttribute" because all output files are up-to-date with respect to the input files.
       ClCompile:
         All outputs are up-to-date.
         C:\Games\Microsoft Visual Studio 10.0\VC\bin\CL.exe /c /AI"C:\Program Files (x86)\Reference Assemblies\Microsoft\Framework\.NETFramework\v4.0" /Zi /clr /nologo /W3 /WX- /Od /Oy- /D WIN32 /D _DEBUG /D _UNICODE /D UNICODE /EHa /MDd /GS /fp:precise /Zc:wchar_t /Zc:forScope /Yu"StdAfx.h" /Fp"Debug\1910 Руины титанов сокрытый вход.pch" /Fo"Debug\\" /Fd"Debug\vc100.pdb" /TP /FU"C:\Program Files (x86)\Reference Assemblies\Microsoft\Framework\.NETFramework\v4.0\System.Core.dll" /FU"C:\Program Files (x86)\Reference Assemblies\Microsoft\Framework\.NETFramework\v4.0\System.Data.dll" /FU"C:\Program Files (x86)\Reference Assemblies\Microsoft\Framework\.NETFramework\v4.0\System.dll" /FU"C:\Program Files (x86)\Reference Assemblies\Microsoft\Framework\.NETFramework\v4.0\System.Xml.dll" /analyze- /errorReport:prompt "1910 Руины титанов сокрытый вход.cpp" /clr:nostdlib 
         1910 Руины титанов сокрытый вход.cpp
     1>1910 Руины титанов сокрытый вход.cpp(11): warning C4996: 'freopen': This function or variable may be unsafe. Consider using freopen_s instead. To disable deprecation, use _CRT_SECURE_NO_WARNINGS. See online help for details.
                 C:\Games\Microsoft Visual Studio 10.0\VC\include\stdio.h(249) : see declaration of 'freopen'
     1>1910 Руины титанов сокрытый вход.cpp(12): warning C4996: 'freopen': This function or variable may be unsafe. Consider using freopen_s instead. To disable deprecation, use _CRT_SECURE_NO_WARNINGS. See online help for details.
                 C:\Games\Microsoft Visual Studio 10.0\VC\include\stdio.h(249) : see declaration of 'freopen'
         All outputs are up-to-date.
       ResourceCompile:
         All outputs are up-to-date.
       Link:
         C:\Games\Microsoft Visual Studio 10.0\VC\bin\link.exe /ERRORREPORT:PROMPT /OUT:"E:\Учёба\Олимп прог\TimusProbs\1910 Руины титанов сокрытый вход\Debug\1910 Руины титанов сокрытый вход.exe" /INCREMENTAL /NOLOGO /MANIFEST /ManifestFile:"Debug\1910 Руины титанов сокрытый вход.exe.intermediate.manifest" /MANIFESTUAC:"level='asInvoker' uiAccess='false'" /DEBUG /PDB:"E:\Учёба\Олимп прог\TimusProbs\1910 Руины титанов сокрытый вход\Debug\1910 Руины титанов сокрытый вход.pdb" /ASSEMBLYDEBUG /TLBID:1 /DYNAMICBASE /FIXED:NO /NXCOMPAT /MACHINE:X86 Debug\app.res
         "Debug\1910 Руины титанов сокрытый вход.obj"
         Debug\AssemblyInfo.obj
         Debug\stdafx.obj
         "Debug\.NETFramework,Version=v4.0.AssemblyAttributes.obj"
         1910 Руины титанов сокрытый вход.vcxproj -> E:\Учёба\Олимп прог\TimusProbs\1910 Руины титанов сокрытый вход\Debug\1910 Руины титанов сокрытый вход.exe
       Manifest:
         C:\Program Files (x86)\Microsoft SDKs\Windows\v7.0A\bin\mt.exe /nologo /verbose /outputresource:"E:\Учёба\Олимп прог\TimusProbs\1910 Руины титанов сокрытый вход\Debug\1910 Руины титанов сокрытый вход.exe;#1" /manifest "Debug\1910 Руины титанов сокрытый вход.exe.intermediate.manifest"
       FinalizeBuildStatus:
         Deleting file "Debug\1910 Руины титанов сокрытый вход.unsuccessfulbuild".
         Touching "Debug\1910 Руины титанов сокрытый вход.lastbuildstate".
     1>Done Building Project "E:\Учёба\Олимп прог\TimusProbs\1910 Руины титанов сокрытый вход\1910 Руины титанов сокрытый вход\1910 Руины титанов сокрытый вход.vcxproj" (build target(s)).

Build succeeded.

Time Elapsed 00:00:01.50
